<?xml version="1.0" encoding="UTF-8"?>
<!-- Generated by org.testng.reporters.JUnitXMLReporter -->
<testsuite ignored="0" hostname="priyas-MacBook-Air.local" failures="0" tests="6" name="Default test" time="15.909" errors="0" timestamp="2024-08-26T19:38:38 GMT-04:00">
  <testcase classname="assignment.SeleniumFrameworkDesign.TestCases" name="testCase1" time="1.066"/>
  <testcase classname="assignment.SeleniumFrameworkDesign.TestCases" name="testCase2" time="0.301"/>
  <testcase classname="assignment.SeleniumFrameworkDesign.TestCases" name="testCase3" time="1.365"/>
  <testcase classname="assignment.SeleniumFrameworkDesign.TestCases" name="testCase4" time="0.066"/>
  <testcase classname="assignment.SeleniumFrameworkDesign.TestCases" name="testCase5" time="0.29"/>
  <testcase classname="assignment.SeleniumFrameworkDesign.TestCases" name="testCase6" time="0.059"/>
</testsuite> <!-- Default test -->
