<?xml version="1.0" encoding="UTF-8"?>
<!-- Generated by org.testng.reporters.JUnitXMLReporter -->
<testsuite ignored="0" hostname="priyas-MacBook-Air.local" failures="0" tests="6" name="Test" time="25.8" errors="0" timestamp="2024-08-26T20:47:59 GMT-04:00">
  <testcase classname="assignment.SeleniumFrameworkDesign.TestCases" name="testCase1" time="1.019"/>
  <testcase classname="assignment.SeleniumFrameworkDesign.TestCases" name="testCase2" time="0.278"/>
  <testcase classname="assignment.SeleniumFrameworkDesign.TestCases" name="testCase3" time="1.283"/>
  <testcase classname="assignment.SeleniumFrameworkDesign.TestCases" name="testCase4" time="0.059"/>
  <testcase classname="assignment.SeleniumFrameworkDesign.TestCases" name="testCase5" time="7.878"/>
  <testcase classname="assignment.SeleniumFrameworkDesign.TestCases" name="testCase6" time="0.034"/>
</testsuite> <!-- Test -->
