<?xml version="1.0" encoding="UTF-8"?>
<testng-results ignored="0" total="6" passed="6" failed="0" skipped="0">
  <reporter-output>
  </reporter-output>
  <suite started-at="2024-08-26T20:47:33 GMT-04:00" name="Suite" finished-at="2024-08-26T20:47:59 GMT-04:00" duration-ms="25800">
    <groups>
    </groups>
    <test started-at="2024-08-26T20:47:33 GMT-04:00" name="Test" finished-at="2024-08-26T20:47:59 GMT-04:00" duration-ms="25800">
      <class name="assignment.SeleniumFrameworkDesign.TestCases">
        <test-method is-config="true" signature="setUp()[pri:0, instance:assignment.SeleniumFrameworkDesign.TestCases@4ddced80]" started-at="2024-08-26T20:47:33 GMT-04:00" name="setUp" finished-at="2024-08-26T20:47:49 GMT-04:00" duration-ms="15085" status="PASS">
          <reporter-output>
          </reporter-output>
        </test-method> <!-- setUp -->
        <test-method signature="testCase1()[pri:0, instance:assignment.SeleniumFrameworkDesign.TestCases@4ddced80]" started-at="2024-08-26T20:47:49 GMT-04:00" name="testCase1" finished-at="2024-08-26T20:47:50 GMT-04:00" duration-ms="1019" status="PASS">
          <reporter-output>
          </reporter-output>
        </test-method> <!-- testCase1 -->
        <test-method signature="testCase2()[pri:0, instance:assignment.SeleniumFrameworkDesign.TestCases@4ddced80]" started-at="2024-08-26T20:47:50 GMT-04:00" name="testCase2" finished-at="2024-08-26T20:47:50 GMT-04:00" duration-ms="278" status="PASS">
          <reporter-output>
          </reporter-output>
        </test-method> <!-- testCase2 -->
        <test-method signature="testCase3()[pri:0, instance:assignment.SeleniumFrameworkDesign.TestCases@4ddced80]" started-at="2024-08-26T20:47:50 GMT-04:00" name="testCase3" finished-at="2024-08-26T20:47:51 GMT-04:00" duration-ms="1283" status="PASS">
          <reporter-output>
          </reporter-output>
        </test-method> <!-- testCase3 -->
        <test-method signature="testCase4()[pri:0, instance:assignment.SeleniumFrameworkDesign.TestCases@4ddced80]" started-at="2024-08-26T20:47:51 GMT-04:00" name="testCase4" finished-at="2024-08-26T20:47:51 GMT-04:00" duration-ms="59" status="PASS">
          <reporter-output>
          </reporter-output>
        </test-method> <!-- testCase4 -->
        <test-method signature="testCase5()[pri:0, instance:assignment.SeleniumFrameworkDesign.TestCases@4ddced80]" started-at="2024-08-26T20:47:51 GMT-04:00" name="testCase5" finished-at="2024-08-26T20:47:59 GMT-04:00" duration-ms="7878" status="PASS">
          <reporter-output>
          </reporter-output>
        </test-method> <!-- testCase5 -->
        <test-method signature="testCase6()[pri:0, instance:assignment.SeleniumFrameworkDesign.TestCases@4ddced80]" started-at="2024-08-26T20:47:59 GMT-04:00" name="testCase6" finished-at="2024-08-26T20:47:59 GMT-04:00" duration-ms="34" status="PASS">
          <reporter-output>
          </reporter-output>
        </test-method> <!-- testCase6 -->
        <test-method is-config="true" signature="tearDown()[pri:0, instance:assignment.SeleniumFrameworkDesign.TestCases@4ddced80]" started-at="2024-08-26T20:47:59 GMT-04:00" name="tearDown" finished-at="2024-08-26T20:47:59 GMT-04:00" duration-ms="111" status="PASS">
          <reporter-output>
          </reporter-output>
        </test-method> <!-- tearDown -->
      </class> <!-- assignment.SeleniumFrameworkDesign.TestCases -->
    </test> <!-- Test -->
  </suite> <!-- Suite -->
</testng-results>
